Currently loading train dataset ... 
==== Epoch 0 ================
100%|████████████████████████████████████████████████████████████████████████| 15/15 [00:02<00:00,  6.99it/s]
Epoch: 0,  Loss: 0.1719879657
==========  VAL  ===========
100%|████████████████████████████████████████████████████████████████████████| 68/68 [01:23<00:00,  1.23s/it]
7.15, 1.47, 7.35, 14.71, 29.41
==========  TEST  ===========
100%|████████████████████████████████████████████████████████████████████████| 80/80 [02:10<00:00,  1.63s/it]
34.00, 12.50, 62.50, 100.00, 100.00
==== Epoch 1 ================
100%|████████████████████████████████████████████████████████████████████████| 15/15 [00:01<00:00,  7.73it/s]
Epoch: 1,  Loss: 0.5523152351
==========  VAL  ===========
100%|████████████████████████████████████████████████████████████████████████| 68/68 [01:25<00:00,  1.25s/it]
7.44, 1.47, 8.82, 17.65, 30.88
==========  TEST  ===========
100%|████████████████████████████████████████████████████████████████████████| 80/80 [02:10<00:00,  1.63s/it]
33.89, 12.50, 60.00, 100.00, 100.00
==== Epoch 2 ================
100%|████████████████████████████████████████████████████████████████████████| 15/15 [00:01<00:00,  7.72it/s]
Epoch: 2,  Loss: 0.2268471420
==========  VAL  ===========
100%|████████████████████████████████████████████████████████████████████████| 68/68 [01:24<00:00,  1.25s/it]
7.16, 1.47, 7.35, 16.18, 32.35
==========  TEST  ===========
100%|████████████████████████████████████████████████████████████████████████| 80/80 [02:10<00:00,  1.63s/it]
34.10, 12.50, 60.00, 100.00, 100.00
==== Epoch 3 ================
100%|████████████████████████████████████████████████████████████████████████| 15/15 [00:01<00:00,  7.71it/s]
Epoch: 3,  Loss: 0.1272395849
==========  VAL  ===========
100%|████████████████████████████████████████████████████████████████████████| 68/68 [01:25<00:00,  1.25s/it]
7.14, 1.47, 7.35, 11.76, 27.94
==========  TEST  ===========
100%|████████████████████████████████████████████████████████████████████████| 80/80 [02:11<00:00,  1.64s/it]
34.22, 12.50, 62.50, 100.00, 100.00
==== Epoch 4 ================
100%|████████████████████████████████████████████████████████████████████████| 15/15 [00:01<00:00,  7.73it/s]
Epoch: 4,  Loss: 0.1176602691
==========  VAL  ===========
100%|████████████████████████████████████████████████████████████████████████| 68/68 [01:25<00:00,  1.25s/it]
6.82, 1.47, 7.35, 16.18, 30.88
==========  TEST  ===========
100%|████████████████████████████████████████████████████████████████████████| 80/80 [02:10<00:00,  1.63s/it]
33.17, 12.50, 65.00, 100.00, 100.00
==== Epoch 5 ================
100%|████████████████████████████████████████████████████████████████████████| 15/15 [00:01<00:00,  7.72it/s]
Epoch: 5,  Loss: 0.1113929600
==========  VAL  ===========
100%|████████████████████████████████████████████████████████████████████████| 68/68 [01:25<00:00,  1.25s/it]
6.95, 1.47, 4.41, 17.65, 30.88
==========  TEST  ===========
100%|████████████████████████████████████████████████████████████████████████| 80/80 [02:11<00:00,  1.64s/it]
33.61, 12.50, 58.75, 100.00, 100.00
==== Epoch 6 ================
100%|████████████████████████████████████████████████████████████████████████| 15/15 [00:01<00:00,  7.72it/s]
Epoch: 6,  Loss: 0.1059005931
==========  VAL  ===========
100%|████████████████████████████████████████████████████████████████████████| 68/68 [01:25<00:00,  1.25s/it]
8.38, 2.94, 8.82, 16.18, 27.94
==========  TEST  ===========
100%|████████████████████████████████████████████████████████████████████████| 80/80 [02:10<00:00,  1.63s/it]
32.54, 11.25, 62.50, 100.00, 100.00
==== Epoch 7 ================
100%|████████████████████████████████████████████████████████████████████████| 15/15 [00:01<00:00,  7.72it/s]
Epoch: 7,  Loss: 0.1062951684
==========  VAL  ===========
100%|████████████████████████████████████████████████████████████████████████| 68/68 [01:25<00:00,  1.25s/it]
7.79, 1.47, 7.35, 17.65, 29.41
==========  TEST  ===========
100%|████████████████████████████████████████████████████████████████████████| 80/80 [02:10<00:00,  1.64s/it]
30.58, 8.75, 62.50, 100.00, 100.00
==== Epoch 8 ================
100%|████████████████████████████████████████████████████████████████████████| 15/15 [00:01<00:00,  7.72it/s]
Epoch: 8,  Loss: 0.1056626514
==========  VAL  ===========
100%|████████████████████████████████████████████████████████████████████████| 68/68 [01:26<00:00,  1.27s/it]
7.66, 1.47, 8.82, 14.71, 29.41
==========  TEST  ===========
100%|████████████████████████████████████████████████████████████████████████| 80/80 [02:11<00:00,  1.64s/it]
34.81, 15.00, 62.50, 100.00, 100.00
==== Epoch 9 ================
100%|████████████████████████████████████████████████████████████████████████| 15/15 [00:01<00:00,  7.71it/s]
Epoch: 9,  Loss: 0.0700846314
==========  VAL  ===========
100%|████████████████████████████████████████████████████████████████████████| 68/68 [01:26<00:00,  1.27s/it]
7.08, 1.47, 7.35, 14.71, 29.41
==========  TEST  ===========
100%|████████████████████████████████████████████████████████████████████████| 80/80 [02:12<00:00,  1.65s/it]
33.97, 12.50, 62.50, 100.00, 100.00
==== Epoch 10 ================
100%|████████████████████████████████████████████████████████████████████████| 15/15 [00:01<00:00,  7.73it/s]
Epoch: 10,  Loss: 0.0561132468
==========  VAL  ===========
100%|████████████████████████████████████████████████████████████████████████| 68/68 [01:25<00:00,  1.26s/it]
7.07, 1.47, 7.35, 14.71, 29.41
==========  TEST  ===========
100%|████████████████████████████████████████████████████████████████████████| 80/80 [02:12<00:00,  1.66s/it]
33.97, 12.50, 62.50, 100.00, 100.00
==== Epoch 11 ================
100%|████████████████████████████████████████████████████████████████████████| 15/15 [00:01<00:00,  7.72it/s]
Epoch: 11,  Loss: 0.0563382581
==========  VAL  ===========
100%|████████████████████████████████████████████████████████████████████████| 68/68 [01:26<00:00,  1.27s/it]
7.07, 1.47, 7.35, 14.71, 29.41
==========  TEST  ===========
100%|████████████████████████████████████████████████████████████████████████| 80/80 [02:12<00:00,  1.66s/it]
33.97, 12.50, 62.50, 100.00, 100.00
==== Epoch 12 ================
100%|████████████████████████████████████████████████████████████████████████| 15/15 [00:01<00:00,  7.71it/s]
Epoch: 12,  Loss: 0.0547998212
==========  VAL  ===========
100%|████████████████████████████████████████████████████████████████████████| 68/68 [01:26<00:00,  1.27s/it]
7.07, 1.47, 7.35, 14.71, 29.41
==========  TEST  ===========
100%|████████████████████████████████████████████████████████████████████████| 80/80 [02:12<00:00,  1.65s/it]
33.97, 12.50, 62.50, 100.00, 100.00
==== Epoch 13 ================
100%|████████████████████████████████████████████████████████████████████████| 15/15 [00:01<00:00,  7.72it/s]
Epoch: 13,  Loss: 0.0719419420
==========  VAL  ===========
100%|████████████████████████████████████████████████████████████████████████| 68/68 [01:26<00:00,  1.27s/it]
7.07, 1.47, 7.35, 14.71, 29.41
==========  TEST  ===========
100%|████████████████████████████████████████████████████████████████████████| 80/80 [02:12<00:00,  1.65s/it]
33.97, 12.50, 62.50, 100.00, 100.00
==== Epoch 14 ================
100%|████████████████████████████████████████████████████████████████████████| 15/15 [00:01<00:00,  7.73it/s]
Epoch: 14,  Loss: 0.0555389300
==========  VAL  ===========
100%|████████████████████████████████████████████████████████████████████████| 68/68 [01:26<00:00,  1.27s/it]
7.13, 1.47, 7.35, 14.71, 30.88
==========  TEST  ===========
100%|████████████████████████████████████████████████████████████████████████| 80/80 [02:12<00:00,  1.65s/it]
33.97, 12.50, 62.50, 100.00, 100.00
==== Epoch 15 ================
100%|████████████████████████████████████████████████████████████████████████| 15/15 [00:01<00:00,  7.72it/s]
Epoch: 15,  Loss: 0.0547319315
==========  VAL  ===========
100%|████████████████████████████████████████████████████████████████████████| 68/68 [01:26<00:00,  1.27s/it]
7.08, 1.47, 7.35, 14.71, 29.41
==========  TEST  ===========
100%|████████████████████████████████████████████████████████████████████████| 80/80 [02:12<00:00,  1.65s/it]
33.97, 12.50, 62.50, 100.00, 100.00
==== Epoch 16 ================
100%|████████████████████████████████████████████████████████████████████████| 15/15 [00:01<00:00,  7.75it/s]
Epoch: 16,  Loss: 0.0542764477
==========  VAL  ===========
100%|████████████████████████████████████████████████████████████████████████| 68/68 [01:27<00:00,  1.28s/it]
7.08, 1.47, 7.35, 14.71, 29.41
==========  TEST  ===========
100%|████████████████████████████████████████████████████████████████████████| 80/80 [02:12<00:00,  1.66s/it]
33.97, 12.50, 62.50, 100.00, 100.00
==== Epoch 17 ================
100%|████████████████████████████████████████████████████████████████████████| 15/15 [00:01<00:00,  7.71it/s]
Epoch: 17,  Loss: 0.0541897118
==========  VAL  ===========
100%|████████████████████████████████████████████████████████████████████████| 68/68 [01:26<00:00,  1.27s/it]
7.07, 1.47, 7.35, 14.71, 29.41
==========  TEST  ===========
100%|████████████████████████████████████████████████████████████████████████| 80/80 [02:13<00:00,  1.66s/it]
33.97, 12.50, 62.50, 100.00, 100.00
==== Epoch 18 ================
100%|████████████████████████████████████████████████████████████████████████| 15/15 [00:01<00:00,  7.73it/s]
Epoch: 18,  Loss: 0.0562493876
==========  VAL  ===========
100%|████████████████████████████████████████████████████████████████████████| 68/68 [01:27<00:00,  1.28s/it]
7.07, 1.47, 7.35, 14.71, 29.41
==========  TEST  ===========
100%|████████████████████████████████████████████████████████████████████████| 80/80 [02:12<00:00,  1.66s/it]
33.97, 12.50, 62.50, 100.00, 100.00
==== Epoch 19 ================
100%|████████████████████████████████████████████████████████████████████████| 15/15 [00:01<00:00,  7.72it/s]
Epoch: 19,  Loss: 0.0564617626
==========  VAL  ===========
100%|████████████████████████████████████████████████████████████████████████| 68/68 [01:26<00:00,  1.27s/it]
7.08, 1.47, 7.35, 14.71, 29.41
==========  TEST  ===========
100%|████████████████████████████████████████████████████████████████████████| 80/80 [02:13<00:00,  1.67s/it]
33.97, 12.50, 62.50, 100.00, 100.00
==== Epoch 20 ================
100%|████████████████████████████████████████████████████████████████████████| 15/15 [00:01<00:00,  7.72it/s]
Epoch: 20,  Loss: 0.1051957905
==========  VAL  ===========
100%|████████████████████████████████████████████████████████████████████████| 68/68 [01:26<00:00,  1.27s/it]
7.07, 1.47, 7.35, 14.71, 29.41
==========  TEST  ===========
100%|████████████████████████████████████████████████████████████████████████| 80/80 [02:12<00:00,  1.66s/it]
33.97, 12.50, 62.50, 100.00, 100.00
==== Epoch 21 ================
100%|████████████████████████████████████████████████████████████████████████| 15/15 [00:01<00:00,  7.72it/s]
Epoch: 21,  Loss: 0.0699260533
==========  VAL  ===========
100%|████████████████████████████████████████████████████████████████████████| 68/68 [01:26<00:00,  1.27s/it]
7.07, 1.47, 7.35, 14.71, 29.41
==========  TEST  ===========
100%|████████████████████████████████████████████████████████████████████████| 80/80 [02:12<00:00,  1.66s/it]
33.97, 12.50, 62.50, 100.00, 100.00
==== Epoch 22 ================
100%|████████████████████████████████████████████████████████████████████████| 15/15 [00:01<00:00,  7.73it/s]
Epoch: 22,  Loss: 0.0763203278
==========  VAL  ===========
100%|████████████████████████████████████████████████████████████████████████| 68/68 [01:26<00:00,  1.27s/it]
7.07, 1.47, 7.35, 14.71, 29.41
==========  TEST  ===========
100%|████████████████████████████████████████████████████████████████████████| 80/80 [02:12<00:00,  1.66s/it]
33.97, 12.50, 62.50, 100.00, 100.00
==== Epoch 23 ================
100%|████████████████████████████████████████████████████████████████████████| 15/15 [00:01<00:00,  7.71it/s]
Epoch: 23,  Loss: 0.0544884019
==========  VAL  ===========
100%|████████████████████████████████████████████████████████████████████████| 68/68 [01:26<00:00,  1.27s/it]
7.07, 1.47, 7.35, 14.71, 29.41
==========  TEST  ===========
100%|████████████████████████████████████████████████████████████████████████| 80/80 [02:12<00:00,  1.66s/it]
33.97, 12.50, 62.50, 100.00, 100.00
==== Epoch 24 ================
100%|████████████████████████████████████████████████████████████████████████| 15/15 [00:01<00:00,  7.72it/s]
Epoch: 24,  Loss: 0.0676295906
==========  VAL  ===========
 99%|██████████████████████████████████████████████████████████████████████▉ | 67/68 [01:25<00:01,  1.29s/it] 99%|██████████████████████████████████████████████