Currently loading train dataset ... 
==== Epoch 0 ================
100%|████████████████████████████████████████████████████████████████████████| 15/15 [00:05<00:00,  2.78it/s]
Epoch: 0,  Loss: 0.2860616148
==========  VAL  ===========
100%|████████████████████████████████████████████████████████████████████████| 68/68 [01:34<00:00,  1.39s/it]
7.17, 1.47, 7.35, 16.18, 29.41
==========  TEST  ===========
100%|████████████████████████████████████████████████████████████████████████| 80/80 [02:10<00:00,  1.64s/it]
33.97, 12.50, 62.50, 100.00, 100.00
==== Epoch 1 ================
100%|████████████████████████████████████████████████████████████████████████| 15/15 [00:05<00:00,  2.89it/s]
Epoch: 1,  Loss: 0.2672368288
==========  VAL  ===========
100%|████████████████████████████████████████████████████████████████████████| 68/68 [01:34<00:00,  1.39s/it]
7.10, 1.47, 7.35, 14.71, 29.41
==========  TEST  ===========
100%|████████████████████████████████████████████████████████████████████████| 80/80 [02:11<00:00,  1.64s/it]
33.97, 12.50, 62.50, 100.00, 100.00
==== Epoch 2 ================
100%|████████████████████████████████████████████████████████████████████████| 15/15 [00:05<00:00,  2.88it/s]
Epoch: 2,  Loss: 0.2079144418
==========  VAL  ===========
100%|████████████████████████████████████████████████████████████████████████| 68/68 [01:34<00:00,  1.39s/it]
7.12, 1.47, 7.35, 14.71, 29.41
==========  TEST  ===========
100%|████████████████████████████████████████████████████████████████████████| 80/80 [02:11<00:00,  1.64s/it]
33.97, 12.50, 62.50, 100.00, 100.00
==== Epoch 3 ================
100%|████████████████████████████████████████████████████████████████████████| 15/15 [00:05<00:00,  2.88it/s]
Epoch: 3,  Loss: 0.1495278031
==========  VAL  ===========
100%|████████████████████████████████████████████████████████████████████████| 68/68 [01:34<00:00,  1.39s/it]
6.96, 1.47, 5.88, 13.24, 26.47
==========  TEST  ===========
100%|████████████████████████████████████████████████████████████████████████| 80/80 [02:11<00:00,  1.64s/it]
33.14, 12.50, 62.50, 100.00, 100.00
==== Epoch 4 ================
100%|████████████████████████████████████████████████████████████████████████| 15/15 [00:05<00:00,  2.88it/s]
Epoch: 4,  Loss: 0.1439753175
==========  VAL  ===========
100%|████████████████████████████████████████████████████████████████████████| 68/68 [01:35<00:00,  1.40s/it]
7.09, 1.47, 7.35, 14.71, 29.41
==========  TEST  ===========
100%|████████████████████████████████████████████████████████████████████████| 80/80 [02:12<00:00,  1.65s/it]
34.01, 12.50, 63.75, 100.00, 100.00
==== Epoch 5 ================
100%|████████████████████████████████████████████████████████████████████████| 15/15 [00:05<00:00,  2.88it/s]
Epoch: 5,  Loss: 0.1118463501
==========  VAL  ===========
100%|████████████████████████████████████████████████████████████████████████| 68/68 [01:34<00:00,  1.39s/it]
7.90, 1.47, 10.29, 19.12, 32.35
==========  TEST  ===========
100%|████████████████████████████████████████████████████████████████████████| 80/80 [02:11<00:00,  1.65s/it]
34.27, 12.50, 62.50, 100.00, 100.00
==== Epoch 6 ================
100%|████████████████████████████████████████████████████████████████████████| 15/15 [00:05<00:00,  2.88it/s]
Epoch: 6,  Loss: 0.1098357514
==========  VAL  ===========
100%|████████████████████████████████████████████████████████████████████████| 68/68 [01:34<00:00,  1.39s/it]
7.92, 1.47, 10.29, 17.65, 30.88
==========  TEST  ===========
100%|████████████████████████████████████████████████████████████████████████| 80/80 [02:11<00:00,  1.65s/it]
31.62, 7.50, 62.50, 100.00, 100.00
==== Epoch 7 ================
100%|████████████████████████████████████████████████████████████████████████| 15/15 [00:05<00:00,  2.88it/s]
Epoch: 7,  Loss: 0.1085640639
==========  VAL  ===========
100%|████████████████████████████████████████████████████████████████████████| 68/68 [01:35<00:00,  1.40s/it]
7.11, 1.47, 7.35, 13.24, 30.88
==========  TEST  ===========
100%|████████████████████████████████████████████████████████████████████████| 80/80 [02:11<00:00,  1.64s/it]
33.99, 12.50, 62.50, 100.00, 100.00
==== Epoch 8 ================
100%|████████████████████████████████████████████████████████████████████████| 15/15 [00:05<00:00,  2.88it/s]
Epoch: 8,  Loss: 0.1056649163
==========  VAL  ===========
100%|████████████████████████████████████████████████████████████████████████| 68/68 [01:35<00:00,  1.40s/it]
7.11, 1.47, 7.35, 14.71, 30.88
==========  TEST  ===========
100%|████████████████████████████████████████████████████████████████████████| 80/80 [02:11<00:00,  1.65s/it]
33.97, 12.50, 62.50, 100.00, 100.00
==== Epoch 9 ================
100%|████████████████████████████████████████████████████████████████████████| 15/15 [00:05<00:00,  2.88it/s]
Epoch: 9,  Loss: 0.0665678009
==========  VAL  ===========
100%|████████████████████████████████████████████████████████████████████████| 68/68 [01:35<00:00,  1.40s/it]
7.10, 1.47, 7.35, 14.71, 29.41
==========  TEST  ===========
100%|████████████████████████████████████████████████████████████████████████| 80/80 [02:13<00:00,  1.66s/it]
33.97, 12.50, 62.50, 100.00, 100.00
==== Epoch 10 ================
100%|████████████████████████████████████████████████████████████████████████| 15/15 [00:05<00:00,  2.88it/s]
Epoch: 10,  Loss: 0.0651229769
==========  VAL  ===========
100%|████████████████████████████████████████████████████████████████████████| 68/68 [01:34<00:00,  1.40s/it]
7.08, 1.47, 7.35, 14.71, 29.41
==========  TEST  ===========
100%|████████████████████████████████████████████████████████████████████████| 80/80 [02:11<00:00,  1.64s/it]
33.97, 12.50, 62.50, 100.00, 100.00
==== Epoch 11 ================
100%|████████████████████████████████████████████████████████████████████████| 15/15 [00:05<00:00,  2.88it/s]
Epoch: 11,  Loss: 0.0545136780
==========  VAL  ===========
100%|████████████████████████████████████████████████████████████████████████| 68/68 [01:35<00:00,  1.41s/it]
7.10, 1.47, 7.35, 14.71, 29.41
==========  TEST  ===========
100%|████████████████████████████████████████████████████████████████████████| 80/80 [02:12<00:00,  1.66s/it]
33.97, 12.50, 62.50, 100.00, 100.00
==== Epoch 12 ================
100%|████████████████████████████████████████████████████████████████████████| 15/15 [00:05<00:00,  2.88it/s]
Epoch: 12,  Loss: 0.0567984506
==========  VAL  ===========
100%|████████████████████████████████████████████████████████████████████████| 68/68 [01:35<00:00,  1.40s/it]
7.07, 1.47, 7.35, 14.71, 29.41
==========  TEST  ===========
100%|████████████████████████████████████████████████████████████████████████| 80/80 [02:12<00:00,  1.66s/it]
33.97, 12.50, 62.50, 100.00, 100.00
==== Epoch 13 ================
100%|████████████████████████████████████████████████████████████████████████| 15/15 [00:05<00:00,  2.88it/s]
Epoch: 13,  Loss: 0.0654020980
==========  VAL  ===========
100%|████████████████████████████████████████████████████████████████████████| 68/68 [01:34<00:00,  1.39s/it]
7.08, 1.47, 7.35, 14.71, 29.41
==========  TEST  ===========
100%|████████████████████████████████████████████████████████████████████████| 80/80 [02:12<00:00,  1.66s/it]
33.97, 12.50, 62.50, 100.00, 100.00
==== Epoch 14 ================
100%|████████████████████████████████████████████████████████████████████████| 15/15 [00:05<00:00,  2.88it/s]
Epoch: 14,  Loss: 0.0649489015
==========  VAL  ===========
100%|████████████████████████████████████████████████████████████████████████| 68/68 [01:35<00:00,  1.40s/it]
7.10, 1.47, 7.35, 14.71, 29.41
==========  TEST  ===========
100%|████████████████████████████████████████████████████████████████████████| 80/80 [02:13<00:00,  1.66s/it]
33.97, 12.50, 62.50, 100.00, 100.00
==== Epoch 15 ================
100%|████████████████████████████████████████████████████████████████████████| 15/15 [00:05<00:00,  2.88it/s]
Epoch: 15,  Loss: 0.0554991625
==========  VAL  ===========
100%|████████████████████████████████████████████████████████████████████████| 68/68 [01:34<00:00,  1.40s/it]
7.10, 1.47, 7.35, 14.71, 29.41
==========  TEST  ===========
100%|████████████████████████████████████████████████████████████████████████| 80/80 [02:12<00:00,  1.65s/it]
33.97, 12.50, 62.50, 100.00, 100.00
==== Epoch 16 ================
100%|████████████████████████████████████████████████████████████████████████| 15/15 [00:05<00:00,  2.88it/s]
Epoch: 16,  Loss: 0.0611754768
==========  VAL  ===========
100%|████████████████████████████████████████████████████████████████████████| 68/68 [01:35<00:00,  1.41s/it]
7.10, 1.47, 7.35, 14.71, 29.41
==========  TEST  ===========
100%|████████████████████████████████████████████████████████████████████████| 80/80 [02:12<00:00,  1.66s/it]
33.97, 12.50, 62.50, 100.00, 100.00
==== Epoch 17 ================
100%|████████████████████████████████████████████████████████████████████████| 15/15 [00:05<00:00,  2.88it/s]
Epoch: 17,  Loss: 0.0549037941
==========  VAL  ===========
100%|████████████████████████████████████████████████████████████████████████| 68/68 [01:35<00:00,  1.41s/it]
7.08, 1.47, 7.35, 14.71, 29.41
==========  TEST  ===========
 41%|█████████████████████████████▋ 