Currently loading train dataset ... 
==== Epoch 0 ================
100%|████████████████████████████████████████████████████████████████████████| 15/15 [00:05<00:00,  2.78it/s]
Epoch: 0,  Loss: 0.6877686977
==========  VAL  ===========
100%|████████████████████████████████████████████████████████████████████████| 68/68 [01:33<00:00,  1.38s/it]
7.15, 1.47, 7.35, 14.71, 29.41
==========  TEST  ===========
100%|████████████████████████████████████████████████████████████████████████| 80/80 [02:12<00:00,  1.65s/it]
33.97, 12.50, 62.50, 100.00, 100.00
==== Epoch 1 ================
100%|████████████████████████████████████████████████████████████████████████| 15/15 [00:05<00:00,  2.88it/s]
Epoch: 1,  Loss: 1.5383599997
==========  VAL  ===========
100%|████████████████████████████████████████████████████████████████████████| 68/68 [01:35<00:00,  1.40s/it]
7.09, 1.47, 7.35, 14.71, 29.41
==========  TEST  ===========
100%|████████████████████████████████████████████████████████████████████████| 80/80 [02:11<00:00,  1.65s/it]
33.97, 12.50, 62.50, 100.00, 100.00
==== Epoch 2 ================
100%|████████████████████████████████████████████████████████████████████████| 15/15 [00:05<00:00,  2.87it/s]
Epoch: 2,  Loss: 0.7122778893
==========  VAL  ===========
100%|████████████████████████████████████████████████████████████████████████| 68/68 [01:34<00:00,  1.40s/it]
6.24, 0.00, 7.35, 14.71, 30.88
==========  TEST  ===========
100%|████████████████████████████████████████████████████████████████████████| 80/80 [02:12<00:00,  1.65s/it]
34.18, 12.50, 62.50, 100.00, 100.00
==== Epoch 3 ================
100%|████████████████████████████████████████████████████████████████████████| 15/15 [00:05<00:00,  2.88it/s]
Epoch: 3,  Loss: 1.4576681852
==========  VAL  ===========
100%|████████████████████████████████████████████████████████████████████████| 68/68 [01:35<00:00,  1.40s/it]
7.06, 1.47, 7.35, 16.18, 27.94
==========  TEST  ===========
100%|████████████████████████████████████████████████████████████████████████| 80/80 [02:11<00:00,  1.65s/it]
34.06, 12.50, 65.00, 100.00, 100.00
==== Epoch 4 ================
100%|████████████████████████████████████████████████████████████████████████| 15/15 [00:05<00:00,  2.87it/s]
Epoch: 4,  Loss: 0.3106540740
==========  VAL  ===========
100%|████████████████████████████████████████████████████████████████████████| 68/68 [01:35<00:00,  1.40s/it]
7.17, 1.47, 7.35, 16.18, 32.35
==========  TEST  ===========
100%|████████████████████████████████████████████████████████████████████████| 80/80 [02:12<00:00,  1.65s/it]
33.97, 12.50, 62.50, 100.00, 100.00
==== Epoch 5 ================
100%|████████████████████████████████████████████████████████████████████████| 15/15 [00:05<00:00,  2.87it/s]
Epoch: 5,  Loss: 0.7682010531
==========  VAL  ===========
100%|████████████████████████████████████████████████████████████████████████| 68/68 [01:35<00:00,  1.40s/it]
7.12, 1.47, 7.35, 13.24, 30.88
==========  TEST  ===========
100%|████████████████████████████████████████████████████████████████████████| 80/80 [02:12<00:00,  1.65s/it]
33.97, 12.50, 62.50, 100.00, 100.00
==== Epoch 6 ================
100%|████████████████████████████████████████████████████████████████████████| 15/15 [00:05<00:00,  2.87it/s]
Epoch: 6,  Loss: 0.6528744698
==========  VAL  ===========
100%|████████████████████████████████████████████████████████████████████████| 68/68 [01:35<00:00,  1.41s/it]
7.09, 1.47, 7.35, 14.71, 29.41
==========  TEST  ===========
100%|████████████████████████████████████████████████████████████████████████| 80/80 [02:12<00:00,  1.66s/it]
33.97, 12.50, 62.50, 100.00, 100.00
==== Epoch 7 ================
100%|████████████████████████████████████████████████████████████████████████| 15/15 [00:05<00:00,  2.88it/s]
Epoch: 7,  Loss: 0.3965702653
==========  VAL  ===========
100%|████████████████████████████████████████████████████████████████████████| 68/68 [01:35<00:00,  1.41s/it]
7.12, 1.47, 7.35, 14.71, 29.41
==========  TEST  ===========
100%|████████████████████████████████████████████████████████████████████████| 80/80 [02:12<00:00,  1.65s/it]
33.97, 12.50, 62.50, 100.00, 100.00
==== Epoch 8 ================
100%|████████████████████████████████████████████████████████████████████████| 15/15 [00:05<00:00,  2.88it/s]
Epoch: 8,  Loss: 0.2890470028
==========  VAL  ===========
100%|████████████████████████████████████████████████████████████████████████| 68/68 [01:35<00:00,  1.40s/it]
7.10, 1.47, 7.35, 14.71, 30.88
==========  TEST  ===========
100%|████████████████████████████████████████████████████████████████████████| 80/80 [02:12<00:00,  1.66s/it]
33.35, 12.50, 62.50, 100.00, 100.00
==== Epoch 9 ================
100%|████████████████████████████████████████████████████████████████████████| 15/15 [00:05<00:00,  2.87it/s]
Epoch: 9,  Loss: 0.4784232378
==========  VAL  ===========
100%|████████████████████████████████████████████████████████████████████████| 68/68 [01:35<00:00,  1.40s/it]
6.99, 1.47, 7.35, 14.71, 29.41
==========  TEST  ===========
100%|████████████████████████████████████████████████████████████████████████| 80/80 [02:13<00:00,  1.66s/it]
33.93, 12.50, 61.25, 100.00, 100.00
==== Epoch 10 ================
100%|████████████████████████████████████████████████████████████████████████| 15/15 [00:05<00:00,  2.88it/s]
Epoch: 10,  Loss: 0.4247102141
==========  VAL  ===========
100%|████████████████████████████████████████████████████████████████████████| 68/68 [01:35<00:00,  1.40s/it]
7.87, 2.94, 7.35, 16.18, 29.41
==========  TEST  ===========
100%|████████████████████████████████████████████████████████████████████████| 80/80 [02:12<00:00,  1.66s/it]
33.97, 12.50, 62.50, 100.00, 100.00
==== Epoch 11 ================
100%|████████████████████████████████████████████████████████████████████████| 15/15 [00:05<00:00,  2.88it/s]
Epoch: 11,  Loss: 0.4648555815
==========  VAL  ===========
100%|████████████████████████████████████████████████████████████████████████| 68/68 [01:35<00:00,  1.41s/it]
7.10, 1.47, 7.35, 13.24, 29.41
==========  TEST  ===========
100%|████████████████████████████████████████████████████████████████████████| 80/80 [02:12<00:00,  1.66s/it]
33.81, 12.50, 57.50, 100.00, 100.00
==== Epoch 12 ================
100%|████████████████████████████████████████████████████████████████████████| 15/15 [00:05<00:00,  2.87it/s]
Epoch: 12,  Loss: 0.3613225818
==========  VAL  ===========
100%|████████████████████████████████████████████████████████████████████████| 68/68 [01:35<00:00,  1.41s/it]
7.17, 1.47, 7.35, 14.71, 29.41
==========  TEST  ===========
100%|████████████████████████████████████████████████████████████████████████| 80/80 [02:12<00:00,  1.66s/it]
34.00, 12.50, 62.50, 100.00, 100.00
==== Epoch 13 ================
100%|████████████████████████████████████████████████████████████████████████| 15/15 [00:05<00:00,  2.87it/s]
Epoch: 13,  Loss: 0.4310624301
==========  VAL  ===========
100%|████████████████████████████████████████████████████████████████████████| 68/68 [01:35<00:00,  1.41s/it]
7.07, 1.47, 7.35, 14.71, 30.88
==========  TEST  ===========